<?xml version="1.0" encoding="UTF-8"?>
<coverage generated="1788376814046" clover="3.2.0">
  <project timestamp="1788376814046" name="All files">
    <metrics statements="76" coveredstatements="76" conditionals="22" coveredconditionals="22" methods="15" coveredmethods="15" elements="113" coveredelements="113" complexity="0" loc="76" ncloc="76" packages="4" files="9" classes="9"/>
    <package name="5-pago-duplicado">
      <metrics statements="6" coveredstatements="6" conditionals="0" coveredconditionals="0" methods="3" coveredmethods="3"/>
      <file name="rutaPagoDuplicado.ts" path="/workspaces/p3-ae1-2026/src/5-pago-duplicado/rutaPagoDuplicado.ts">
        <metrics statements="5" coveredstatements="5" conditionals="0" coveredconditionals="0" methods="1" coveredmethods="1"/>
        <line num="5" count="1" type="stmt"/>
        <line num="7" count="1" type="stmt"/>
        <line num="8" count="2" type="stmt"/>
        <line num="9" count="2" type="stmt"/>
        <line num="10" count="2" type="stmt"/>
      </file>
      <file name="verificaPagoDuplicado.ts" path="/workspaces/p3-ae1-2026/src/5-pago-duplicado/verificaPagoDuplicado.ts">
        <metrics statements="1" coveredstatements="1" conditionals="0" coveredconditionals="0" methods="2" coveredmethods="2"/>
        <line num="5" count="35" type="stmt"/>
      </file>
    </package>
    <package name="6-reintegro">
      <metrics statements="9" coveredstatements="9" conditionals="4" coveredconditionals="4" methods="2" coveredmethods="2"/>
      <file name="calculoReintegro.ts" path="/workspaces/p3-ae1-2026/src/6-reintegro/calculoReintegro.ts">
        <metrics statements="2" coveredstatements="2" conditionals="0" coveredconditionals="0" methods="1" coveredmethods="1"/>
        <line num="4" count="9" type="stmt"/>
        <line num="5" count="9" type="stmt"/>
      </file>
      <file name="rutaReintegro.ts" path="/workspaces/p3-ae1-2026/src/6-reintegro/rutaReintegro.ts">
        <metrics statements="7" coveredstatements="7" conditionals="4" coveredconditionals="4" methods="1" coveredmethods="1"/>
        <line num="4" count="1" type="stmt"/>
        <line num="6" count="1" type="stmt"/>
        <line num="7" count="4" type="stmt"/>
        <line num="10" count="4" type="cond" truecount="4" falsecount="0"/>
        <line num="11" count="3" type="stmt"/>
        <line num="16" count="1" type="stmt"/>
        <line num="18" count="1" type="stmt"/>
      </file>
    </package>
    <package name="metodo-pago">
      <metrics statements="59" coveredstatements="59" conditionals="18" coveredconditionals="18" methods="10" coveredmethods="10"/>
      <file name="controllerPago.ts" path="/workspaces/p3-ae1-2026/src/metodo-pago/controllerPago.ts">
        <metrics statements="29" coveredstatements="29" conditionals="4" coveredconditionals="4" methods="4" coveredmethods="4"/>
        <line num="6" count="6" type="stmt"/>
        <line num="7" count="6" type="stmt"/>
        <line num="8" count="6" type="stmt"/>
        <line num="9" count="6" type="stmt"/>
        <line num="11" count="6" type="stmt"/>
        <line num="17" count="6" type="stmt"/>
        <line num="21" count="1" type="stmt"/>
        <line num="29" count="3" type="stmt"/>
        <line num="31" count="3" type="stmt"/>
        <line num="33" count="3" type="stmt"/>
        <line num="34" count="3" type="cond" truecount="2" falsecount="0"/>
        <line num="35" count="1" type="stmt"/>
        <line num="37" count="1" type="stmt"/>
        <line num="39" count="1" type="stmt"/>
        <line num="43" count="1" type="stmt"/>
        <line num="51" count="3" type="stmt"/>
        <line num="52" count="3" type="stmt"/>
        <line num="53" count="3" type="stmt"/>
        <line num="55" count="3" type="cond" truecount="2" falsecount="0"/>
        <line num="56" count="1" type="stmt"/>
        <line num="57" count="1" type="stmt"/>
        <line num="60" count="1" type="stmt"/>
        <line num="61" count="1" type="stmt"/>
        <line num="63" count="1" type="stmt"/>
        <line num="71" count="2" type="stmt"/>
        <line num="72" count="2" type="stmt"/>
        <line num="73" count="2" type="stmt"/>
        <line num="74" count="2" type="stmt"/>
        <line num="76" count="1" type="stmt"/>
      </file>
      <file name="procesoPago.ts" path="/workspaces/p3-ae1-2026/src/metodo-pago/procesoPago.ts">
        <metrics statements="25" coveredstatements="25" conditionals="14" coveredconditionals="14" methods="6" coveredmethods="6"/>
        <line num="5" count="3" type="stmt"/>
        <line num="8" count="20" type="stmt"/>
        <line num="13" count="23" type="cond" truecount="4" falsecount="0"/>
        <line num="14" count="3" type="stmt"/>
        <line num="17" count="20" type="stmt"/>
        <line num="26" count="20" type="stmt"/>
        <line num="28" count="20" type="stmt"/>
        <line num="34" count="82" type="stmt"/>
        <line num="41" count="9" type="stmt"/>
        <line num="43" count="9" type="cond" truecount="2" falsecount="0"/>
        <line num="44" count="1" type="stmt"/>
        <line num="47" count="8" type="cond" truecount="2" falsecount="0"/>
        <line num="48" count="2" type="stmt"/>
        <line num="53" count="6" type="cond" truecount="2" falsecount="0"/>
        <line num="54" count="1" type="stmt"/>
        <line num="57" count="5" type="stmt"/>
        <line num="61" count="5" type="stmt"/>
        <line num="68" count="5" type="stmt"/>
        <line num="74" count="6" type="stmt"/>
        <line num="76" count="6" type="cond" truecount="2" falsecount="0"/>
        <line num="77" count="2" type="stmt"/>
        <line num="80" count="4" type="cond" truecount="2" falsecount="0"/>
        <line num="81" count="1" type="stmt"/>
        <line num="84" count="3" type="stmt"/>
        <line num="86" count="3" type="stmt"/>
      </file>
      <file name="rutaPago.ts" path="/workspaces/p3-ae1-2026/src/metodo-pago/rutaPago.ts">
        <metrics statements="5" coveredstatements="5" conditionals="0" coveredconditionals="0" methods="0" coveredmethods="0"/>
        <line num="10" count="1" type="stmt"/>
        <line num="13" count="1" type="stmt"/>
        <line num="16" count="1" type="stmt"/>
        <line num="19" count="1" type="stmt"/>
        <line num="22" count="1" type="stmt"/>
      </file>
    </package>
    <package name="mock">
      <metrics statements="2" coveredstatements="2" conditionals="0" coveredconditionals="0" methods="0" coveredmethods="0"/>
      <file name="cancelacionMock.ts" path="/workspaces/p3-ae1-2026/src/mock/cancelacionMock.ts">
        <metrics statements="1" coveredstatements="1" conditionals="0" coveredconditionals="0" methods="0" coveredmethods="0"/>
        <line num="3" count="1" type="stmt"/>
      </file>
      <file name="registroPagoMock.ts" path="/workspaces/p3-ae1-2026/src/mock/registroPagoMock.ts">
        <metrics statements="1" coveredstatements="1" conditionals="0" coveredconditionals="0" methods="0" coveredmethods="0"/>
        <line num="5" count="5" type="stmt"/>
      </file>
    </package>
  </project>
</coverage>
