{"/workspaces/p3-ae1-2026/src/5-pago-duplicado/rutaPagoDuplicado.ts": {"path":"/workspaces/p3-ae1-2026/src/5-pago-duplicado/rutaPagoDuplicado.ts","statementMap":{"0":{"start":{"line":5,"column":15},"end":{"line":5,"column":22}},"1":{"start":{"line":7,"column":0},"end":{"line":11,"column":null}},"2":{"start":{"line":8,"column":22},"end":{"line":8,"column":null}},"3":{"start":{"line":9,"column":22},"end":{"line":9,"column":null}},"4":{"start":{"line":10,"column":2},"end":{"line":10,"column":null}}},"fnMap":{"0":{"name":"(anonymous_0)","decl":{"start":{"line":7,"column":11},"end":{"line":7,"column":41}},"loc":{"start":{"line":7,"column":54},"end":{"line":11,"column":1}},"line":7}},"branchMap":{},"s":{"0":1,"1":1,"2":2,"3":2,"4":2},"f":{"0":2},"b":{},"meta":{"lastBranch":0,"lastFunction":1,"lastStatement":5,"seen":{"s:5:15:5:22":0,"s:7:0:11:Infinity":1,"f:7:11:7:41":0,"s:8:22:8:Infinity":2,"s:9:22:9:Infinity":3,"s:10:2:10:Infinity":4},"fnNames":{}}}
,"/workspaces/p3-ae1-2026/src/5-pago-duplicado/verificaPagoDuplicado.ts": {"path":"/workspaces/p3-ae1-2026/src/5-pago-duplicado/verificaPagoDuplicado.ts","statementMap":{"0":{"start":{"line":5,"column":2},"end":{"line":5,"column":null}},"1":{"start":{"line":5,"column":29},"end":{"line":5,"column":50}}},"fnMap":{"0":{"name":"esPagoDuplicado","decl":{"start":{"line":4,"column":16},"end":{"line":4,"column":32}},"loc":{"start":{"line":4,"column":85},"end":{"line":6,"column":null}},"line":4},"1":{"name":"(anonymous_1)","decl":{"start":{"line":5,"column":19},"end":{"line":5,"column":24}},"loc":{"start":{"line":5,"column":29},"end":{"line":5,"column":50}},"line":5}},"branchMap":{},"s":{"0":15,"1":35},"f":{"0":15,"1":35},"b":{},"meta":{"lastBranch":0,"lastFunction":2,"lastStatement":2,"seen":{"f:4:16:4:32":0,"s:5:2:5:Infinity":0,"f:5:19:5:24":1,"s:5:29:5:50":1},"fnNames":{}}}
,"/workspaces/p3-ae1-2026/src/6-reintegro/calculoReintegro.ts": {"path":"/workspaces/p3-ae1-2026/src/6-reintegro/calculoReintegro.ts","statementMap":{"0":{"start":{"line":4,"column":31},"end":{"line":4,"column":null}},"1":{"start":{"line":5,"column":2},"end":{"line":5,"column":null}}},"fnMap":{"0":{"name":"calculoReintegro","decl":{"start":{"line":3,"column":16},"end":{"line":3,"column":33}},"loc":{"start":{"line":3,"column":67},"end":{"line":6,"column":null}},"line":3}},"branchMap":{},"s":{"0":9,"1":9},"f":{"0":9},"b":{},"meta":{"lastBranch":0,"lastFunction":1,"lastStatement":2,"seen":{"f:3:16:3:33":0,"s:4:31:4:Infinity":0,"s:5:2:5:Infinity":1},"fnNames":{}}}
,"/workspaces/p3-ae1-2026/src/6-reintegro/rutaReintegro.ts": {"path":"/workspaces/p3-ae1-2026/src/6-reintegro/rutaReintegro.ts","statementMap":{"0":{"start":{"line":4,"column":15},"end":{"line":4,"column":22}},"1":{"start":{"line":6,"column":0},"end":{"line":19,"column":null}},"2":{"start":{"line":7,"column":40},"end":{"line":7,"column":null}},"3":{"start":{"line":10,"column":2},"end":{"line":14,"column":null}},"4":{"start":{"line":11,"column":4},"end":{"line":13,"column":null}},"5":{"start":{"line":16,"column":16},"end":{"line":16,"column":null}},"6":{"start":{"line":18,"column":2},"end":{"line":18,"column":null}}},"fnMap":{"0":{"name":"(anonymous_0)","decl":{"start":{"line":6,"column":12},"end":{"line":6,"column":27}},"loc":{"start":{"line":6,"column":40},"end":{"line":19,"column":1}},"line":6}},"branchMap":{"0":{"loc":{"start":{"line":10,"column":2},"end":{"line":14,"column":null}},"type":"if","locations":[{"start":{"line":10,"column":2},"end":{"line":14,"column":null}},{"start":{},"end":{}}],"line":10},"1":{"loc":{"start":{"line":10,"column":6},"end":{"line":10,"column":56}},"type":"binary-expr","locations":[{"start":{"line":10,"column":6},"end":{"line":10,"column":46}},{"start":{"line":10,"column":46},"end":{"line":10,"column":56}}],"line":10}},"s":{"0":1,"1":1,"2":4,"3":4,"4":3,"5":1,"6":1},"f":{"0":4},"b":{"0":[3,1],"1":[4,2]},"meta":{"lastBranch":2,"lastFunction":1,"lastStatement":7,"seen":{"s:4:15:4:22":0,"s:6:0:19:Infinity":1,"f:6:12:6:27":0,"s:7:40:7:Infinity":2,"b:10:2:14:Infinity:undefined:undefined:undefined:undefined":0,"s:10:2:14:Infinity":3,"b:10:6:10:46:10:46:10:56":1,"s:11:4:13:Infinity":4,"s:16:16:16:Infinity":5,"s:18:2:18:Infinity":6},"fnNames":{}}}
,"/workspaces/p3-ae1-2026/src/metodo-pago/controllerPago.ts": {"path":"/workspaces/p3-ae1-2026/src/metodo-pago/controllerPago.ts","statementMap":{"0":{"start":{"line":6,"column":2},"end":{"line":24,"column":null}},"1":{"start":{"line":7,"column":26},"end":{"line":7,"column":null}},"2":{"start":{"line":8,"column":24},"end":{"line":8,"column":null}},"3":{"start":{"line":9,"column":21},"end":{"line":9,"column":null}},"4":{"start":{"line":11,"column":27},"end":{"line":15,"column":null}},"5":{"start":{"line":17,"column":8},"end":{"line":17,"column":null}},"6":{"start":{"line":21,"column":8},"end":{"line":23,"column":null}},"7":{"start":{"line":29,"column":3},"end":{"line":46,"column":null}},"8":{"start":{"line":31,"column":22},"end":{"line":31,"column":null}},"9":{"start":{"line":33,"column":25},"end":{"line":33,"column":null}},"10":{"start":{"line":34,"column":4},"end":{"line":38,"column":null}},"11":{"start":{"line":35,"column":8},"end":{"line":36,"column":null}},"12":{"start":{"line":37,"column":4},"end":{"line":37,"column":null}},"13":{"start":{"line":39,"column":5},"end":{"line":39,"column":null}},"14":{"start":{"line":43,"column":5},"end":{"line":45,"column":null}},"15":{"start":{"line":51,"column":2},"end":{"line":66,"column":null}},"16":{"start":{"line":52,"column":20},"end":{"line":52,"column":null}},"17":{"start":{"line":53,"column":20},"end":{"line":53,"column":null}},"18":{"start":{"line":55,"column":4},"end":{"line":58,"column":null}},"19":{"start":{"line":56,"column":6},"end":{"line":56,"column":null}},"20":{"start":{"line":57,"column":6},"end":{"line":57,"column":null}},"21":{"start":{"line":60,"column":23},"end":{"line":60,"column":null}},"22":{"start":{"line":61,"column":4},"end":{"line":61,"column":null}},"23":{"start":{"line":63,"column":4},"end":{"line":65,"column":null}},"24":{"start":{"line":71,"column":2},"end":{"line":79,"column":null}},"25":{"start":{"line":72,"column":20},"end":{"line":72,"column":null}},"26":{"start":{"line":73,"column":23},"end":{"line":73,"column":null}},"27":{"start":{"line":74,"column":4},"end":{"line":74,"column":null}},"28":{"start":{"line":76,"column":4},"end":{"line":78,"column":null}}},"fnMap":{"0":{"name":"crearMetodoPago","decl":{"start":{"line":4,"column":16},"end":{"line":4,"column":32}},"loc":{"start":{"line":4,"column":61},"end":{"line":25,"column":null}},"line":4},"1":{"name":"obtenerMetodoPago","decl":{"start":{"line":28,"column":17},"end":{"line":28,"column":35}},"loc":{"start":{"line":28,"column":64},"end":{"line":47,"column":null}},"line":28},"2":{"name":"autorizarMetodoPago","decl":{"start":{"line":50,"column":16},"end":{"line":50,"column":36}},"loc":{"start":{"line":50,"column":65},"end":{"line":67,"column":null}},"line":50},"3":{"name":"rechazarMetodoPago","decl":{"start":{"line":70,"column":16},"end":{"line":70,"column":35}},"loc":{"start":{"line":70,"column":64},"end":{"line":80,"column":null}},"line":70}},"branchMap":{"0":{"loc":{"start":{"line":34,"column":4},"end":{"line":38,"column":null}},"type":"if","locations":[{"start":{"line":34,"column":4},"end":{"line":38,"column":null}},{"start":{},"end":{}}],"line":34},"1":{"loc":{"start":{"line":55,"column":4},"end":{"line":58,"column":null}},"type":"if","locations":[{"start":{"line":55,"column":4},"end":{"line":58,"column":null}},{"start":{},"end":{}}],"line":55}},"s":{"0":6,"1":6,"2":6,"3":6,"4":6,"5":6,"6":1,"7":3,"8":3,"9":3,"10":3,"11":1,"12":1,"13":1,"14":1,"15":3,"16":3,"17":3,"18":3,"19":1,"20":1,"21":1,"22":1,"23":1,"24":2,"25":2,"26":2,"27":2,"28":1},"f":{"0":6,"1":3,"2":3,"3":2},"b":{"0":[1,2],"1":[1,2]},"meta":{"lastBranch":2,"lastFunction":4,"lastStatement":29,"seen":{"f:4:16:4:32":0,"s:6:2:24:Infinity":0,"s:7:26:7:Infinity":1,"s:8:24:8:Infinity":2,"s:9:21:9:Infinity":3,"s:11:27:15:Infinity":4,"s:17:8:17:Infinity":5,"s:21:8:23:Infinity":6,"f:28:17:28:35":1,"s:29:3:46:Infinity":7,"s:31:22:31:Infinity":8,"s:33:25:33:Infinity":9,"b:34:4:38:Infinity:undefined:undefined:undefined:undefined":0,"s:34:4:38:Infinity":10,"s:35:8:36:Infinity":11,"s:37:4:37:Infinity":12,"s:39:5:39:Infinity":13,"s:43:5:45:Infinity":14,"f:50:16:50:36":2,"s:51:2:66:Infinity":15,"s:52:20:52:Infinity":16,"s:53:20:53:Infinity":17,"b:55:4:58:Infinity:undefined:undefined:undefined:undefined":1,"s:55:4:58:Infinity":18,"s:56:6:56:Infinity":19,"s:57:6:57:Infinity":20,"s:60:23:60:Infinity":21,"s:61:4:61:Infinity":22,"s:63:4:65:Infinity":23,"f:70:16:70:35":3,"s:71:2:79:Infinity":24,"s:72:20:72:Infinity":25,"s:73:23:73:Infinity":26,"s:74:4:74:Infinity":27,"s:76:4:78:Infinity":28},"fnNames":{}}}
,"/workspaces/p3-ae1-2026/src/metodo-pago/procesoPago.ts": {"path":"/workspaces/p3-ae1-2026/src/metodo-pago/procesoPago.ts","statementMap":{"0":{"start":{"line":5,"column":32},"end":{"line":5,"column":null}},"1":{"start":{"line":8,"column":4},"end":{"line":8,"column":null}},"2":{"start":{"line":13,"column":4},"end":{"line":15,"column":null}},"3":{"start":{"line":14,"column":8},"end":{"line":14,"column":null}},"4":{"start":{"line":17,"column":30},"end":{"line":25,"column":null}},"5":{"start":{"line":26,"column":0},"end":{"line":26,"column":null}},"6":{"start":{"line":28,"column":4},"end":{"line":28,"column":null}},"7":{"start":{"line":34,"column":3},"end":{"line":34,"column":null}},"8":{"start":{"line":34,"column":44},"end":{"line":34,"column":75}},"9":{"start":{"line":41,"column":23},"end":{"line":41,"column":null}},"10":{"start":{"line":43,"column":4},"end":{"line":45,"column":null}},"11":{"start":{"line":44,"column":8},"end":{"line":44,"column":null}},"12":{"start":{"line":47,"column":4},"end":{"line":49,"column":null}},"13":{"start":{"line":48,"column":8},"end":{"line":48,"column":null}},"14":{"start":{"line":53,"column":4},"end":{"line":55,"column":null}},"15":{"start":{"line":54,"column":8},"end":{"line":54,"column":null}},"16":{"start":{"line":57,"column":4},"end":{"line":57,"column":null}},"17":{"start":{"line":61,"column":4},"end":{"line":66,"column":null}},"18":{"start":{"line":68,"column":4},"end":{"line":68,"column":null}},"19":{"start":{"line":74,"column":23},"end":{"line":74,"column":null}},"20":{"start":{"line":76,"column":4},"end":{"line":78,"column":null}},"21":{"start":{"line":77,"column":8},"end":{"line":77,"column":null}},"22":{"start":{"line":80,"column":4},"end":{"line":82,"column":null}},"23":{"start":{"line":81,"column":8},"end":{"line":81,"column":null}},"24":{"start":{"line":84,"column":4},"end":{"line":84,"column":null}},"25":{"start":{"line":86,"column":4},"end":{"line":86,"column":null}}},"fnMap":{"0":{"name":"generarId","decl":{"start":{"line":7,"column":9},"end":{"line":7,"column":27}},"loc":{"start":{"line":7,"column":27},"end":{"line":9,"column":null}},"line":7},"1":{"name":"registrarMetodoPago","decl":{"start":{"line":11,"column":16},"end":{"line":11,"column":36}},"loc":{"start":{"line":11,"column":98},"end":{"line":29,"column":1}},"line":11},"2":{"name":"buscarPagoPorViaje","decl":{"start":{"line":32,"column":16},"end":{"line":32,"column":35}},"loc":{"start":{"line":32,"column":75},"end":{"line":35,"column":null}},"line":32},"3":{"name":"(anonymous_3)","decl":{"start":{"line":34,"column":22},"end":{"line":34,"column":29}},"loc":{"start":{"line":34,"column":44},"end":{"line":34,"column":75}},"line":34},"4":{"name":"autorizarPago","decl":{"start":{"line":39,"column":16},"end":{"line":39,"column":30}},"loc":{"start":{"line":39,"column":76},"end":{"line":70,"column":null}},"line":39},"5":{"name":"rechazarPago","decl":{"start":{"line":72,"column":16},"end":{"line":72,"column":29}},"loc":{"start":{"line":72,"column":58},"end":{"line":88,"column":null}},"line":72}},"branchMap":{"0":{"loc":{"start":{"line":13,"column":4},"end":{"line":15,"column":null}},"type":"if","locations":[{"start":{"line":13,"column":4},"end":{"line":15,"column":null}},{"start":{},"end":{}}],"line":13},"1":{"loc":{"start":{"line":13,"column":8},"end":{"line":13,"column":31}},"type":"binary-expr","locations":[{"start":{"line":13,"column":8},"end":{"line":13,"column":22}},{"start":{"line":13,"column":22},"end":{"line":13,"column":31}}],"line":13},"2":{"loc":{"start":{"line":43,"column":4},"end":{"line":45,"column":null}},"type":"if","locations":[{"start":{"line":43,"column":4},"end":{"line":45,"column":null}},{"start":{},"end":{}}],"line":43},"3":{"loc":{"start":{"line":47,"column":4},"end":{"line":49,"column":null}},"type":"if","locations":[{"start":{"line":47,"column":4},"end":{"line":49,"column":null}},{"start":{},"end":{}}],"line":47},"4":{"loc":{"start":{"line":53,"column":4},"end":{"line":55,"column":null}},"type":"if","locations":[{"start":{"line":53,"column":4},"end":{"line":55,"column":null}},{"start":{},"end":{}}],"line":53},"5":{"loc":{"start":{"line":76,"column":4},"end":{"line":78,"column":null}},"type":"if","locations":[{"start":{"line":76,"column":4},"end":{"line":78,"column":null}},{"start":{},"end":{}}],"line":76},"6":{"loc":{"start":{"line":80,"column":4},"end":{"line":82,"column":null}},"type":"if","locations":[{"start":{"line":80,"column":4},"end":{"line":82,"column":null}},{"start":{},"end":{}}],"line":80}},"s":{"0":3,"1":20,"2":23,"3":3,"4":20,"5":20,"6":20,"7":20,"8":82,"9":9,"10":9,"11":1,"12":8,"13":2,"14":6,"15":1,"16":5,"17":5,"18":5,"19":6,"20":6,"21":2,"22":4,"23":1,"24":3,"25":3},"f":{"0":20,"1":23,"2":20,"3":82,"4":9,"5":6},"b":{"0":[3,20],"1":[23,21],"2":[1,8],"3":[2,6],"4":[1,5],"5":[2,4],"6":[1,3]},"meta":{"lastBranch":7,"lastFunction":6,"lastStatement":26,"seen":{"s:5:32:5:Infinity":0,"f:7:9:7:27":0,"s:8:4:8:Infinity":1,"f:11:16:11:36":1,"b:13:4:15:Infinity:undefined:undefined:undefined:undefined":0,"s:13:4:15:Infinity":2,"b:13:8:13:22:13:22:13:31":1,"s:14:8:14:Infinity":3,"s:17:30:25:Infinity":4,"s:26:0:26:Infinity":5,"s:28:4:28:Infinity":6,"f:32:16:32:35":2,"s:34:3:34:Infinity":7,"f:34:22:34:29":3,"s:34:44:34:75":8,"f:39:16:39:30":4,"s:41:23:41:Infinity":9,"b:43:4:45:Infinity:undefined:undefined:undefined:undefined":2,"s:43:4:45:Infinity":10,"s:44:8:44:Infinity":11,"b:47:4:49:Infinity:undefined:undefined:undefined:undefined":3,"s:47:4:49:Infinity":12,"s:48:8:48:Infinity":13,"b:53:4:55:Infinity:undefined:undefined:undefined:undefined":4,"s:53:4:55:Infinity":14,"s:54:8:54:Infinity":15,"s:57:4:57:Infinity":16,"s:61:4:66:Infinity":17,"s:68:4:68:Infinity":18,"f:72:16:72:29":5,"s:74:23:74:Infinity":19,"b:76:4:78:Infinity:undefined:undefined:undefined:undefined":5,"s:76:4:78:Infinity":20,"s:77:8:77:Infinity":21,"b:80:4:82:Infinity:undefined:undefined:undefined:undefined":6,"s:80:4:82:Infinity":22,"s:81:8:81:Infinity":23,"s:84:4:84:Infinity":24,"s:86:4:86:Infinity":25},"fnNames":{}}}
,"/workspaces/p3-ae1-2026/src/metodo-pago/rutaPago.ts": {"path":"/workspaces/p3-ae1-2026/src/metodo-pago/rutaPago.ts","statementMap":{"0":{"start":{"line":10,"column":15},"end":{"line":10,"column":22}},"1":{"start":{"line":13,"column":0},"end":{"line":13,"column":null}},"2":{"start":{"line":16,"column":0},"end":{"line":16,"column":null}},"3":{"start":{"line":19,"column":0},"end":{"line":19,"column":null}},"4":{"start":{"line":22,"column":0},"end":{"line":22,"column":null}}},"fnMap":{},"branchMap":{},"s":{"0":1,"1":1,"2":1,"3":1,"4":1},"f":{},"b":{},"meta":{"lastBranch":0,"lastFunction":0,"lastStatement":5,"seen":{"s:10:15:10:22":0,"s:13:0:13:Infinity":1,"s:16:0:16:Infinity":2,"s:19:0:19:Infinity":3,"s:22:0:22:Infinity":4},"fnNames":{}}}
,"/workspaces/p3-ae1-2026/src/mock/cancelacionMock.ts": {"path":"/workspaces/p3-ae1-2026/src/mock/cancelacionMock.ts","statementMap":{"0":{"start":{"line":3,"column":38},"end":{"line":14,"column":null}}},"fnMap":{},"branchMap":{},"s":{"0":1},"f":{},"b":{},"meta":{"lastBranch":0,"lastFunction":0,"lastStatement":1,"seen":{"s:3:38:14:Infinity":0},"fnNames":{}}}
,"/workspaces/p3-ae1-2026/src/mock/registroPagoMock.ts": {"path":"/workspaces/p3-ae1-2026/src/mock/registroPagoMock.ts","statementMap":{"0":{"start":{"line":5,"column":50},"end":{"line":18,"column":null}}},"fnMap":{},"branchMap":{},"s":{"0":5},"f":{},"b":{},"meta":{"lastBranch":0,"lastFunction":0,"lastStatement":1,"seen":{"s:5:50:18:Infinity":0},"fnNames":{}}}
}
